2026-07-17 10:36:12,506 | INFO     | risk_manager | Win registered on MIDCPNIFTY_26JUL23_17900_PE (opening_range_breakout): +0.50. Consecutive wins: 1
2026-07-17 10:42:30,506 | INFO     | risk_manager | Win registered on MIDCPNIFTY_26JUL23_17900_PE (opening_range_breakout): +1475.75. Consecutive wins: 2
2026-07-17 10:42:47,838 | WARNING  | risk_manager | Trading halted for today: max_daily_profit_hit(1476.25)
2026-07-21 13:17:04,346 | INFO     | risk_manager | New trading day detected — resetting daily counters, preserving equity/drawdown state.
2026-07-21 13:41:29,310 | INFO     | risk_manager | Win registered on NIFTY_26JUL23_24200_CE (ema_supertrend): +2.75. Consecutive wins: 1
2026-07-21 13:56:42,998 | INFO     | risk_manager | Loss registered on SENSEX_26JUL23_77500_CE (ema_supertrend): -59.40. Consecutive losses: 1
2026-07-21 13:57:31,820 | INFO     | risk_manager | Loss registered on BANKNIFTY_26JUL23_57900_PE (ema_supertrend): -771.00. Consecutive losses: 2
2026-07-21 13:57:31,820 | WARNING  | risk_manager | Max consecutive losses (2) reached. Cooling down until 14:57:31. No new trades until then — market regime re-evaluated on resume.
2026-07-21 13:58:18,691 | INFO     | risk_manager | Loss registered on BANKNIFTY_26JUL23_57900_PE (ema_supertrend): -8.50. Consecutive losses: 3
2026-07-21 13:58:18,692 | WARNING  | risk_manager | Max consecutive losses (2) reached. Cooling down until 14:58:18. No new trades until then — market regime re-evaluated on resume.
2026-07-21 14:01:48,760 | INFO     | risk_manager | Win registered on ICICIBANK_26JUL23_1455_PE (ema_supertrend): +1.32. Consecutive wins: 1
2026-07-21 14:58:20,240 | WARNING  | risk_manager | Trading halted for today: max_daily_loss_hit(-834.83)
2026-07-22 09:57:04,165 | INFO     | risk_manager | New trading day detected — resetting daily counters, preserving equity/drawdown state.
2026-07-22 10:07:21,698 | INFO     | risk_manager | Loss registered on SENSEX_26JUL23_76900_PE (opening_range_breakout): -444.40. Consecutive losses: 1
2026-07-22 10:07:39,105 | WARNING  | risk_manager | Trading halted for today: max_daily_loss_hit(-444.40)
2026-07-22 13:38:27,495 | INFO     | risk_manager | Loss registered on TEST (test_strategy): -20.00. Consecutive losses: 1
2026-07-22 13:38:27,496 | INFO     | risk_manager | Loss registered on TEST (test_strategy): -20.00. Consecutive losses: 2
2026-07-22 13:38:27,496 | WARNING  | risk_manager | Max consecutive losses (2) reached. Cooling down until 14:38:27. No new trades until then — market regime re-evaluated on resume.
2026-07-22 13:38:27,496 | INFO     | risk_manager | Position size reduced 50% after 2 consecutive losses.
2026-07-22 13:38:27,496 | INFO     | risk_manager | Loss registered on TEST (test_strategy): -20.00. Consecutive losses: 1
2026-07-22 13:38:27,497 | INFO     | risk_manager | Loss registered on TEST (test_strategy): -20.00. Consecutive losses: 1
2026-07-22 13:38:27,497 | INFO     | risk_manager | Loss registered on TEST (test_strategy): -20.00. Consecutive losses: 2
2026-07-22 13:38:27,497 | WARNING  | risk_manager | Max consecutive losses (2) reached. Cooling down until 14:38:27. No new trades until then — market regime re-evaluated on resume.
2026-07-22 13:38:27,497 | INFO     | risk_manager | Loss registered on TEST (test_strategy): -600.00. Consecutive losses: 1
2026-07-22 13:38:27,498 | WARNING  | risk_manager | Trading halted for today: max_daily_loss_hit(-600.00)
2026-07-22 13:38:27,498 | CRITICAL | risk_manager | EMERGENCY STOP TRIGGERED: test
2026-07-22 13:38:27,498 | INFO     | risk_manager | Loss registered on TEST (test_strategy): -20.00. Consecutive losses: 1
2026-07-22 13:38:27,498 | INFO     | risk_manager | Loss registered on TEST (test_strategy): -20.00. Consecutive losses: 2
2026-07-22 13:38:27,498 | WARNING  | risk_manager | Max consecutive losses (2) reached. Cooling down until 14:38:27. No new trades until then — market regime re-evaluated on resume.
2026-07-22 13:38:27,498 | INFO     | risk_manager | Win registered on TEST (test_strategy): +50.00. Consecutive wins: 1
2026-07-22 13:38:27,499 | INFO     | risk_manager | Consecutive win streak achieved — position sizing restored to normal.
2026-07-22 13:38:27,499 | INFO     | risk_manager | Win registered on TEST (test_strategy): +50.00. Consecutive wins: 2
2026-07-22 13:39:29,602 | INFO     | risk_manager | Loss registered on TEST (test_strategy): -20.00. Consecutive losses: 1
2026-07-22 13:39:29,603 | INFO     | risk_manager | Loss registered on TEST (test_strategy): -20.00. Consecutive losses: 2
2026-07-22 13:39:29,603 | WARNING  | risk_manager | Max consecutive losses (2) reached. Cooling down until 14:39:29. No new trades until then — market regime re-evaluated on resume.
2026-07-22 13:39:29,603 | INFO     | risk_manager | Position size reduced 50% after 2 consecutive losses.
2026-07-22 13:39:29,603 | INFO     | risk_manager | Loss registered on TEST (test_strategy): -20.00. Consecutive losses: 1
2026-07-22 13:39:29,604 | INFO     | risk_manager | Loss registered on TEST (test_strategy): -20.00. Consecutive losses: 1
2026-07-22 13:39:29,604 | INFO     | risk_manager | Loss registered on TEST (test_strategy): -20.00. Consecutive losses: 2
2026-07-22 13:39:29,604 | WARNING  | risk_manager | Max consecutive losses (2) reached. Cooling down until 14:39:29. No new trades until then — market regime re-evaluated on resume.
2026-07-22 13:39:29,604 | INFO     | risk_manager | Loss registered on TEST (test_strategy): -600.00. Consecutive losses: 1
2026-07-22 13:39:29,604 | WARNING  | risk_manager | Trading halted for today: max_daily_loss_hit(-600.00)
2026-07-22 13:39:29,605 | CRITICAL | risk_manager | EMERGENCY STOP TRIGGERED: test
2026-07-22 13:39:29,605 | INFO     | risk_manager | Loss registered on TEST (test_strategy): -20.00. Consecutive losses: 1
2026-07-22 13:39:29,605 | INFO     | risk_manager | Loss registered on TEST (test_strategy): -20.00. Consecutive losses: 2
2026-07-22 13:39:29,605 | WARNING  | risk_manager | Max consecutive losses (2) reached. Cooling down until 14:39:29. No new trades until then — market regime re-evaluated on resume.
2026-07-22 13:39:29,605 | INFO     | risk_manager | Win registered on TEST (test_strategy): +50.00. Consecutive wins: 1
2026-07-22 13:39:29,605 | INFO     | risk_manager | Consecutive win streak achieved — position sizing restored to normal.
2026-07-22 13:39:29,605 | INFO     | risk_manager | Win registered on TEST (test_strategy): +50.00. Consecutive wins: 2
2026-07-22 13:39:29,606 | INFO     | risk_manager | Daily profit target reached/exceeded: ₹5200.00 >= ₹5000.00. Halting trading for today. Trading will restart automatically on the next date.
2026-07-22 13:39:29,606 | WARNING  | risk_manager | Trading halted for today: max_daily_profit_hit(5200.00)
2026-07-22 13:39:29,606 | INFO     | risk_manager | Win registered on TEST (test_strategy): +5200.00. Consecutive wins: 1
2026-07-22 13:39:29,606 | INFO     | risk_manager | Daily profit target reached/exceeded: ₹5000.00 >= ₹5000.00. Halting trading for today. Trading will restart automatically on the next date.
2026-07-22 13:39:29,606 | WARNING  | risk_manager | Trading halted for today: max_daily_profit_hit(5000.00)
2026-07-22 13:39:29,606 | INFO     | risk_manager | Win registered on TEST (test_strategy): +5000.00. Consecutive wins: 1
2026-07-22 13:39:29,607 | INFO     | risk_manager | New trading day detected (2026-07-22) — resetting daily profit target & counters, preserving equity/drawdown state.
2026-07-22 13:45:28,519 | INFO     | risk_manager | Loss registered on TEST (test_strategy): -20.00. Consecutive losses: 1
2026-07-22 13:45:28,520 | INFO     | risk_manager | Loss registered on TEST (test_strategy): -20.00. Consecutive losses: 2
2026-07-22 13:45:28,520 | WARNING  | risk_manager | Max consecutive losses (2) reached. Cooling down until 14:45:28. No new trades until then — market regime re-evaluated on resume.
2026-07-22 13:45:28,520 | INFO     | risk_manager | Position size reduced 50% after 2 consecutive losses.
2026-07-22 13:45:28,520 | INFO     | risk_manager | Loss registered on TEST (test_strategy): -20.00. Consecutive losses: 1
2026-07-22 13:45:28,521 | INFO     | risk_manager | Loss registered on TEST (test_strategy): -20.00. Consecutive losses: 1
2026-07-22 13:45:28,521 | INFO     | risk_manager | Loss registered on TEST (test_strategy): -20.00. Consecutive losses: 2
2026-07-22 13:45:28,521 | WARNING  | risk_manager | Max consecutive losses (2) reached. Cooling down until 14:45:28. No new trades until then — market regime re-evaluated on resume.
2026-07-22 13:45:28,521 | INFO     | risk_manager | Loss registered on TEST (test_strategy): -600.00. Consecutive losses: 1
2026-07-22 13:45:28,522 | WARNING  | risk_manager | Trading halted for today: max_daily_loss_hit(-600.00)
2026-07-22 13:45:28,522 | CRITICAL | risk_manager | EMERGENCY STOP TRIGGERED: test
2026-07-22 13:45:28,522 | INFO     | risk_manager | Loss registered on TEST (test_strategy): -20.00. Consecutive losses: 1
2026-07-22 13:45:28,523 | INFO     | risk_manager | Loss registered on TEST (test_strategy): -20.00. Consecutive losses: 2
2026-07-22 13:45:28,523 | WARNING  | risk_manager | Max consecutive losses (2) reached. Cooling down until 14:45:28. No new trades until then — market regime re-evaluated on resume.
2026-07-22 13:45:28,523 | INFO     | risk_manager | Win registered on TEST (test_strategy): +50.00. Consecutive wins: 1
2026-07-22 13:45:28,523 | INFO     | risk_manager | Consecutive win streak achieved — position sizing restored to normal.
2026-07-22 13:45:28,523 | INFO     | risk_manager | Win registered on TEST (test_strategy): +50.00. Consecutive wins: 2
2026-07-22 13:45:28,523 | INFO     | risk_manager | Daily profit target reached/exceeded: ₹5200.00 >= ₹5000.00. Halting trading for today. Trading will restart automatically on the next date.
2026-07-22 13:45:28,524 | WARNING  | risk_manager | Trading halted for today: max_daily_profit_hit(5200.00)
2026-07-22 13:45:28,524 | INFO     | risk_manager | Win registered on TEST (test_strategy): +5200.00. Consecutive wins: 1
2026-07-22 13:45:28,524 | INFO     | risk_manager | Daily profit target reached/exceeded: ₹5000.00 >= ₹5000.00. Halting trading for today. Trading will restart automatically on the next date.
2026-07-22 13:45:28,524 | WARNING  | risk_manager | Trading halted for today: max_daily_profit_hit(5000.00)
2026-07-22 13:45:28,524 | INFO     | risk_manager | Win registered on TEST (test_strategy): +5000.00. Consecutive wins: 1
2026-07-22 13:45:28,525 | INFO     | risk_manager | New trading day detected (2026-07-22) — resetting daily profit target & counters, preserving equity/drawdown state.
2026-07-22 13:46:01,072 | INFO     | risk_manager | Loss registered on INFY_26JUL23_1050_CE (rsi_macd_confluence): -1.68. Consecutive losses: 1
2026-07-22 13:46:12,308 | INFO     | risk_manager | Loss registered on HDFCBANK_26JUL23_750_CE (ema_supertrend): -51.70. Consecutive losses: 2
2026-07-22 13:46:12,308 | WARNING  | risk_manager | Max consecutive losses (2) reached. Cooling down until 14:46:12. No new trades until then — market regime re-evaluated on resume.
2026-07-22 13:50:17,951 | INFO     | risk_manager | Loss registered on TEST (test_strategy): -20.00. Consecutive losses: 1
2026-07-22 13:50:17,951 | INFO     | risk_manager | Loss registered on TEST (test_strategy): -20.00. Consecutive losses: 2
2026-07-22 13:50:17,951 | WARNING  | risk_manager | Max consecutive losses (2) reached. Cooling down until 14:50:17. No new trades until then — market regime re-evaluated on resume.
2026-07-22 13:50:17,951 | INFO     | risk_manager | Position size reduced 50% after 2 consecutive losses.
2026-07-22 13:50:17,952 | INFO     | risk_manager | Loss registered on TEST (test_strategy): -20.00. Consecutive losses: 1
2026-07-22 13:50:17,952 | INFO     | risk_manager | Loss registered on TEST (test_strategy): -20.00. Consecutive losses: 1
2026-07-22 13:50:17,953 | INFO     | risk_manager | Loss registered on TEST (test_strategy): -20.00. Consecutive losses: 2
2026-07-22 13:50:17,953 | WARNING  | risk_manager | Max consecutive losses (2) reached. Cooling down until 14:50:17. No new trades until then — market regime re-evaluated on resume.
2026-07-22 13:50:17,953 | INFO     | risk_manager | Loss registered on TEST (test_strategy): -600.00. Consecutive losses: 1
2026-07-22 13:50:17,954 | WARNING  | risk_manager | Trading halted for today: max_daily_loss_hit(-600.00)
2026-07-22 13:50:17,954 | CRITICAL | risk_manager | EMERGENCY STOP TRIGGERED: test
2026-07-22 13:50:17,955 | INFO     | risk_manager | Loss registered on TEST (test_strategy): -20.00. Consecutive losses: 1
2026-07-22 13:50:17,955 | INFO     | risk_manager | Loss registered on TEST (test_strategy): -20.00. Consecutive losses: 2
2026-07-22 13:50:17,955 | WARNING  | risk_manager | Max consecutive losses (2) reached. Cooling down until 14:50:17. No new trades until then — market regime re-evaluated on resume.
2026-07-22 13:50:17,955 | INFO     | risk_manager | Win registered on TEST (test_strategy): +50.00. Consecutive wins: 1
2026-07-22 13:50:17,955 | INFO     | risk_manager | Consecutive win streak achieved — position sizing restored to normal.
2026-07-22 13:50:17,955 | INFO     | risk_manager | Win registered on TEST (test_strategy): +50.00. Consecutive wins: 2
2026-07-22 13:50:17,956 | INFO     | risk_manager | Daily profit target reached/exceeded: ₹5200.00 >= ₹5000.00. Halting trading for today. Trading will restart automatically on the next date.
2026-07-22 13:50:17,956 | WARNING  | risk_manager | Trading halted for today: max_daily_profit_hit(5200.00)
2026-07-22 13:50:17,956 | INFO     | risk_manager | Win registered on TEST (test_strategy): +5200.00. Consecutive wins: 1
2026-07-22 13:50:17,956 | INFO     | risk_manager | Daily profit target reached/exceeded: ₹5000.00 >= ₹5000.00. Halting trading for today. Trading will restart automatically on the next date.
2026-07-22 13:50:17,957 | WARNING  | risk_manager | Trading halted for today: max_daily_profit_hit(5000.00)
2026-07-22 13:50:17,957 | INFO     | risk_manager | Win registered on TEST (test_strategy): +5000.00. Consecutive wins: 1
2026-07-22 13:50:17,957 | INFO     | risk_manager | New trading day detected (2026-07-22) — resetting daily profit target & counters, preserving equity/drawdown state.
2026-07-22 13:50:23,671 | INFO     | risk_manager | Loss registered on SBIN_26JUL23_1020_CE (ema_supertrend): -87.12. Consecutive losses: 1
2026-07-22 13:53:38,912 | INFO     | risk_manager | Loss registered on TEST (test_strategy): -20.00. Consecutive losses: 1
2026-07-22 13:53:38,913 | INFO     | risk_manager | Loss registered on TEST (test_strategy): -20.00. Consecutive losses: 2
2026-07-22 13:53:38,913 | WARNING  | risk_manager | Max consecutive losses (2) reached. Cooling down until 14:53:38. No new trades until then — market regime re-evaluated on resume.
2026-07-22 13:53:38,913 | INFO     | risk_manager | Position size reduced 50% after 2 consecutive losses.
2026-07-22 13:53:38,913 | INFO     | risk_manager | Loss registered on TEST (test_strategy): -20.00. Consecutive losses: 1
2026-07-22 13:53:38,914 | INFO     | risk_manager | Loss registered on TEST (test_strategy): -20.00. Consecutive losses: 1
2026-07-22 13:53:38,914 | INFO     | risk_manager | Loss registered on TEST (test_strategy): -20.00. Consecutive losses: 2
2026-07-22 13:53:38,914 | WARNING  | risk_manager | Max consecutive losses (2) reached. Cooling down until 14:53:38. No new trades until then — market regime re-evaluated on resume.
2026-07-22 13:53:38,914 | INFO     | risk_manager | Loss registered on TEST (test_strategy): -600.00. Consecutive losses: 1
2026-07-22 13:53:38,914 | WARNING  | risk_manager | Trading halted for today: max_daily_loss_hit(-600.00)
2026-07-22 13:53:38,915 | CRITICAL | risk_manager | EMERGENCY STOP TRIGGERED: test
2026-07-22 13:53:38,915 | INFO     | risk_manager | Loss registered on TEST (test_strategy): -20.00. Consecutive losses: 1
2026-07-22 13:53:38,915 | INFO     | risk_manager | Loss registered on TEST (test_strategy): -20.00. Consecutive losses: 2
2026-07-22 13:53:38,915 | WARNING  | risk_manager | Max consecutive losses (2) reached. Cooling down until 14:53:38. No new trades until then — market regime re-evaluated on resume.
2026-07-22 13:53:38,915 | INFO     | risk_manager | Win registered on TEST (test_strategy): +50.00. Consecutive wins: 1
2026-07-22 13:53:38,915 | INFO     | risk_manager | Consecutive win streak achieved — position sizing restored to normal.
2026-07-22 13:53:38,915 | INFO     | risk_manager | Win registered on TEST (test_strategy): +50.00. Consecutive wins: 2
2026-07-22 13:53:38,916 | INFO     | risk_manager | Daily profit target reached/exceeded: ₹5200.00 >= ₹5000.00. Halting trading for today. Trading will restart automatically on the next date.
2026-07-22 13:53:38,916 | WARNING  | risk_manager | Trading halted for today: max_daily_profit_hit(5200.00)
2026-07-22 13:53:38,916 | INFO     | risk_manager | Win registered on TEST (test_strategy): +5200.00. Consecutive wins: 1
2026-07-22 13:53:38,916 | INFO     | risk_manager | Daily profit target reached/exceeded: ₹5000.00 >= ₹5000.00. Halting trading for today. Trading will restart automatically on the next date.
2026-07-22 13:53:38,916 | WARNING  | risk_manager | Trading halted for today: max_daily_profit_hit(5000.00)
2026-07-22 13:53:38,916 | INFO     | risk_manager | Win registered on TEST (test_strategy): +5000.00. Consecutive wins: 1
2026-07-22 13:53:38,917 | INFO     | risk_manager | New trading day detected (2026-07-22) — resetting daily profit target & counters, preserving equity/drawdown state.
2026-07-23 09:29:53,749 | INFO     | risk_manager | Loss registered on TEST (test_strategy): -20.00. Consecutive losses: 1
2026-07-23 09:29:53,750 | INFO     | risk_manager | Loss registered on TEST (test_strategy): -20.00. Consecutive losses: 2
2026-07-23 09:29:53,750 | WARNING  | risk_manager | Max consecutive losses (2) reached. Cooling down until 10:29:53. No new trades until then — market regime re-evaluated on resume.
2026-07-23 09:29:53,750 | INFO     | risk_manager | Position size reduced 50% after 2 consecutive losses.
2026-07-23 09:29:53,750 | INFO     | risk_manager | Loss registered on TEST (test_strategy): -20.00. Consecutive losses: 1
2026-07-23 09:29:53,751 | INFO     | risk_manager | Loss registered on TEST (test_strategy): -20.00. Consecutive losses: 1
2026-07-23 09:29:53,751 | INFO     | risk_manager | Loss registered on TEST (test_strategy): -20.00. Consecutive losses: 2
2026-07-23 09:29:53,751 | WARNING  | risk_manager | Max consecutive losses (2) reached. Cooling down until 10:29:53. No new trades until then — market regime re-evaluated on resume.
2026-07-23 09:29:53,752 | INFO     | risk_manager | Loss registered on TEST (test_strategy): -600.00. Consecutive losses: 1
2026-07-23 09:29:53,752 | WARNING  | risk_manager | Trading halted for today: max_daily_loss_hit(-600.00)
2026-07-23 09:29:53,760 | CRITICAL | risk_manager | EMERGENCY STOP TRIGGERED: test
2026-07-23 09:29:53,763 | INFO     | risk_manager | Loss registered on TEST (test_strategy): -20.00. Consecutive losses: 1
2026-07-23 09:29:53,763 | INFO     | risk_manager | Loss registered on TEST (test_strategy): -20.00. Consecutive losses: 2
2026-07-23 09:29:53,763 | WARNING  | risk_manager | Max consecutive losses (2) reached. Cooling down until 10:29:53. No new trades until then — market regime re-evaluated on resume.
2026-07-23 09:29:53,763 | INFO     | risk_manager | Win registered on TEST (test_strategy): +50.00. Consecutive wins: 1
2026-07-23 09:29:53,764 | INFO     | risk_manager | Consecutive win streak achieved — position sizing restored to normal.
2026-07-23 09:29:53,764 | INFO     | risk_manager | Win registered on TEST (test_strategy): +50.00. Consecutive wins: 2
2026-07-23 09:29:53,764 | INFO     | risk_manager | Daily profit target reached/exceeded: ₹5200.00 >= ₹3000.00. Halting trading for today. Trading will restart automatically on the next date.
2026-07-23 09:29:53,764 | WARNING  | risk_manager | Trading halted for today: max_daily_profit_hit(5200.00)
2026-07-23 09:29:53,765 | INFO     | risk_manager | Win registered on TEST (test_strategy): +5200.00. Consecutive wins: 1
2026-07-23 09:29:53,765 | INFO     | risk_manager | Daily profit target reached/exceeded: ₹5000.00 >= ₹3000.00. Halting trading for today. Trading will restart automatically on the next date.
2026-07-23 09:29:53,765 | WARNING  | risk_manager | Trading halted for today: max_daily_profit_hit(5000.00)
2026-07-23 09:29:53,765 | INFO     | risk_manager | Win registered on TEST (test_strategy): +5000.00. Consecutive wins: 1
2026-07-23 09:29:53,765 | INFO     | risk_manager | New trading day detected (2026-07-23) — resetting daily profit target & counters, preserving equity/drawdown state.
2026-07-23 09:31:56,390 | INFO     | risk_manager | Loss registered on TEST (test_strategy): -20.00. Consecutive losses: 1
2026-07-23 09:31:56,390 | INFO     | risk_manager | Loss registered on TEST (test_strategy): -20.00. Consecutive losses: 2
2026-07-23 09:31:56,390 | WARNING  | risk_manager | Max consecutive losses (2) reached. Cooling down until 10:31:56. No new trades until then — market regime re-evaluated on resume.
2026-07-23 09:31:56,391 | INFO     | risk_manager | Position size reduced 50% after 2 consecutive losses.
2026-07-23 09:31:56,391 | INFO     | risk_manager | Loss registered on TEST (test_strategy): -20.00. Consecutive losses: 1
2026-07-23 09:31:56,392 | INFO     | risk_manager | Loss registered on TEST (test_strategy): -20.00. Consecutive losses: 1
2026-07-23 09:31:56,392 | INFO     | risk_manager | Loss registered on TEST (test_strategy): -20.00. Consecutive losses: 2
2026-07-23 09:31:56,392 | WARNING  | risk_manager | Max consecutive losses (2) reached. Cooling down until 10:31:56. No new trades until then — market regime re-evaluated on resume.
2026-07-23 09:31:56,392 | INFO     | risk_manager | Loss registered on TEST (test_strategy): -600.00. Consecutive losses: 1
2026-07-23 09:31:56,393 | WARNING  | risk_manager | Trading halted for today: max_daily_loss_hit(-600.00)
2026-07-23 09:31:56,393 | CRITICAL | risk_manager | EMERGENCY STOP TRIGGERED: test
2026-07-23 09:31:56,394 | INFO     | risk_manager | Loss registered on TEST (test_strategy): -20.00. Consecutive losses: 1
2026-07-23 09:31:56,394 | INFO     | risk_manager | Loss registered on TEST (test_strategy): -20.00. Consecutive losses: 2
2026-07-23 09:31:56,394 | WARNING  | risk_manager | Max consecutive losses (2) reached. Cooling down until 10:31:56. No new trades until then — market regime re-evaluated on resume.
2026-07-23 09:31:56,394 | INFO     | risk_manager | Win registered on TEST (test_strategy): +50.00. Consecutive wins: 1
2026-07-23 09:31:56,394 | INFO     | risk_manager | Consecutive win streak achieved — position sizing restored to normal.
2026-07-23 09:31:56,394 | INFO     | risk_manager | Win registered on TEST (test_strategy): +50.00. Consecutive wins: 2
2026-07-23 09:31:56,395 | INFO     | risk_manager | Daily profit target reached/exceeded: ₹5200.00 >= ₹3000.00. Halting trading for today. Trading will restart automatically on the next date.
2026-07-23 09:31:56,395 | WARNING  | risk_manager | Trading halted for today: max_daily_profit_hit(5200.00)
2026-07-23 09:31:56,395 | INFO     | risk_manager | Win registered on TEST (test_strategy): +5200.00. Consecutive wins: 1
2026-07-23 09:31:56,395 | INFO     | risk_manager | Daily profit target reached/exceeded: ₹5000.00 >= ₹3000.00. Halting trading for today. Trading will restart automatically on the next date.
2026-07-23 09:31:56,395 | WARNING  | risk_manager | Trading halted for today: max_daily_profit_hit(5000.00)
2026-07-23 09:31:56,396 | INFO     | risk_manager | Win registered on TEST (test_strategy): +5000.00. Consecutive wins: 1
2026-07-23 09:31:56,396 | INFO     | risk_manager | New trading day detected (2026-07-23) — resetting daily profit target & counters, preserving equity/drawdown state.
2026-07-23 09:58:30,626 | INFO     | risk_manager | Loss registered on TEST (test_strategy): -20.00. Consecutive losses: 1
2026-07-23 09:58:30,626 | INFO     | risk_manager | Loss registered on TEST (test_strategy): -20.00. Consecutive losses: 2
2026-07-23 09:58:30,626 | WARNING  | risk_manager | Max consecutive losses (2) reached. Cooling down until 10:58:30. No new trades until then — market regime re-evaluated on resume.
2026-07-23 09:58:30,627 | INFO     | risk_manager | Position size reduced 50% after 2 consecutive losses.
2026-07-23 09:58:30,627 | INFO     | risk_manager | Loss registered on TEST (test_strategy): -20.00. Consecutive losses: 1
2026-07-23 09:58:30,628 | INFO     | risk_manager | Loss registered on TEST (test_strategy): -20.00. Consecutive losses: 1
2026-07-23 09:58:30,628 | INFO     | risk_manager | Loss registered on TEST (test_strategy): -20.00. Consecutive losses: 2
2026-07-23 09:58:30,628 | WARNING  | risk_manager | Max consecutive losses (2) reached. Cooling down until 10:58:30. No new trades until then — market regime re-evaluated on resume.
2026-07-23 09:58:30,628 | INFO     | risk_manager | Loss registered on TEST (test_strategy): -600.00. Consecutive losses: 1
2026-07-23 09:58:30,629 | WARNING  | risk_manager | Trading halted for today: max_daily_loss_hit(-600.00)
2026-07-23 09:58:30,629 | CRITICAL | risk_manager | EMERGENCY STOP TRIGGERED: test
2026-07-23 09:58:30,629 | INFO     | risk_manager | Loss registered on TEST (test_strategy): -20.00. Consecutive losses: 1
2026-07-23 09:58:30,630 | INFO     | risk_manager | Loss registered on TEST (test_strategy): -20.00. Consecutive losses: 2
2026-07-23 09:58:30,630 | WARNING  | risk_manager | Max consecutive losses (2) reached. Cooling down until 10:58:30. No new trades until then — market regime re-evaluated on resume.
2026-07-23 09:58:30,631 | INFO     | risk_manager | Win registered on TEST (test_strategy): +50.00. Consecutive wins: 1
2026-07-23 09:58:30,631 | INFO     | risk_manager | Consecutive win streak achieved — position sizing restored to normal.
2026-07-23 09:58:30,631 | INFO     | risk_manager | Win registered on TEST (test_strategy): +50.00. Consecutive wins: 2
2026-07-23 09:58:30,631 | INFO     | risk_manager | Daily profit target reached/exceeded: ₹5200.00 >= ₹3000.00. Halting trading for today. Trading will restart automatically on the next date.
2026-07-23 09:58:30,631 | WARNING  | risk_manager | Trading halted for today: max_daily_profit_hit(5200.00)
2026-07-23 09:58:30,632 | INFO     | risk_manager | Win registered on TEST (test_strategy): +5200.00. Consecutive wins: 1
2026-07-23 09:58:30,632 | INFO     | risk_manager | Daily profit target reached/exceeded: ₹5000.00 >= ₹3000.00. Halting trading for today. Trading will restart automatically on the next date.
2026-07-23 09:58:30,632 | WARNING  | risk_manager | Trading halted for today: max_daily_profit_hit(5000.00)
2026-07-23 09:58:30,632 | INFO     | risk_manager | Win registered on TEST (test_strategy): +5000.00. Consecutive wins: 1
2026-07-23 09:58:30,632 | INFO     | risk_manager | New trading day detected (2026-07-23) — resetting daily profit target & counters, preserving equity/drawdown state.
2026-07-23 09:58:53,674 | INFO     | risk_manager | Loss registered on TEST (test_strategy): -20.00. Consecutive losses: 1
2026-07-23 09:58:53,675 | INFO     | risk_manager | Loss registered on TEST (test_strategy): -20.00. Consecutive losses: 2
2026-07-23 09:58:53,675 | WARNING  | risk_manager | Max consecutive losses (2) reached. Cooling down until 10:58:53. No new trades until then — market regime re-evaluated on resume.
2026-07-23 09:58:53,675 | INFO     | risk_manager | Position size reduced 50% after 2 consecutive losses.
2026-07-23 09:58:53,676 | INFO     | risk_manager | Loss registered on TEST (test_strategy): -20.00. Consecutive losses: 1
2026-07-23 09:58:53,676 | INFO     | risk_manager | Loss registered on TEST (test_strategy): -20.00. Consecutive losses: 1
2026-07-23 09:58:53,677 | INFO     | risk_manager | Loss registered on TEST (test_strategy): -20.00. Consecutive losses: 2
2026-07-23 09:58:53,677 | WARNING  | risk_manager | Max consecutive losses (2) reached. Cooling down until 10:58:53. No new trades until then — market regime re-evaluated on resume.
2026-07-23 09:58:53,677 | INFO     | risk_manager | Loss registered on TEST (test_strategy): -600.00. Consecutive losses: 1
2026-07-23 09:58:53,678 | WARNING  | risk_manager | Trading halted for today: max_daily_loss_hit(-600.00)
2026-07-23 09:58:53,678 | CRITICAL | risk_manager | EMERGENCY STOP TRIGGERED: test
2026-07-23 09:58:53,679 | INFO     | risk_manager | Loss registered on TEST (test_strategy): -20.00. Consecutive losses: 1
2026-07-23 09:58:53,679 | INFO     | risk_manager | Loss registered on TEST (test_strategy): -20.00. Consecutive losses: 2
2026-07-23 09:58:53,679 | WARNING  | risk_manager | Max consecutive losses (2) reached. Cooling down until 10:58:53. No new trades until then — market regime re-evaluated on resume.
2026-07-23 09:58:53,679 | INFO     | risk_manager | Win registered on TEST (test_strategy): +50.00. Consecutive wins: 1
2026-07-23 09:58:53,679 | INFO     | risk_manager | Consecutive win streak achieved — position sizing restored to normal.
2026-07-23 09:58:53,679 | INFO     | risk_manager | Win registered on TEST (test_strategy): +50.00. Consecutive wins: 2
2026-07-23 09:58:53,680 | INFO     | risk_manager | Daily profit target reached/exceeded: ₹5200.00 >= ₹3000.00. Halting trading for today. Trading will restart automatically on the next date.
2026-07-23 09:58:53,680 | WARNING  | risk_manager | Trading halted for today: max_daily_profit_hit(5200.00)
2026-07-23 09:58:53,680 | INFO     | risk_manager | Win registered on TEST (test_strategy): +5200.00. Consecutive wins: 1
2026-07-23 09:58:53,681 | INFO     | risk_manager | Daily profit target reached/exceeded: ₹5000.00 >= ₹3000.00. Halting trading for today. Trading will restart automatically on the next date.
2026-07-23 09:58:53,681 | WARNING  | risk_manager | Trading halted for today: max_daily_profit_hit(5000.00)
2026-07-23 09:58:53,681 | INFO     | risk_manager | Win registered on TEST (test_strategy): +5000.00. Consecutive wins: 1
2026-07-23 09:58:53,681 | INFO     | risk_manager | New trading day detected (2026-07-23) — resetting daily profit target & counters, preserving equity/drawdown state.
